<?xml version="1.0" encoding="UTF-8"?>
<testng-results ignored="0" total="1" passed="0" failed="0" skipped="1">
  <reporter-output>
  </reporter-output>
  <suite started-at="2024-02-08T23:36:43 IST" name="Default suite" finished-at="2024-02-08T23:36:43 IST" duration-ms="116">
    <groups>
      <group name="sanity">
        <method signature="TC_0001_VerifyUserDetail.verify_User_Details()[pri:1, instance:testCases.TC_0001_VerifyUserDetail@25641d39]" name="verify_User_Details" class="testCases.TC_0001_VerifyUserDetail"/>
      </group> <!-- sanity -->
      <group name="master">
        <method signature="TC_0001_VerifyUserDetail.verify_User_Details()[pri:1, instance:testCases.TC_0001_VerifyUserDetail@25641d39]" name="verify_User_Details" class="testCases.TC_0001_VerifyUserDetail"/>
      </group> <!-- master -->
    </groups>
    <test started-at="2024-02-08T23:36:43 IST" name="Default test" finished-at="2024-02-08T23:36:43 IST" duration-ms="116">
      <class name="testCases.TC_0001_VerifyUserDetail">
        <test-method is-config="true" signature="driverSetup(java.lang.String)[pri:0, instance:testCases.TC_0001_VerifyUserDetail@25641d39]" started-at="2024-02-08T23:36:43 IST" name="driverSetup" finished-at="1970-01-01T05:30:00 IST" duration-ms="-1707415603539" status="FAIL">
          <exception class="org.testng.TestNGException">
            <message>
              <![CDATA[
Parameter 'browser' is required by BeforeTest on method driverSetup but has not been marked @Optional or defined
in C:\Users\2304092\AppData\Local\Temp\7\testng-eclipse--1668360858\testng-customsuite.xml]]>
            </message>
            <full-stacktrace>
              <![CDATA[org.testng.TestNGException: 
Parameter 'browser' is required by BeforeTest on method driverSetup but has not been marked @Optional or defined
in C:\Users\2304092\AppData\Local\Temp\7\testng-eclipse--1668360858\testng-customsuite.xml
at org.testng.internal.Parameters.createParams(Parameters.java:270)
at org.testng.internal.Parameters.createParametersForMethod(Parameters.java:358)
at org.testng.internal.Parameters.createParameters(Parameters.java:700)
at org.testng.internal.Parameters.createConfigurationParameters(Parameters.java:168)
at org.testng.internal.ConfigInvoker.invokeConfigurations(ConfigInvoker.java:302)
at org.testng.TestRunner.invokeTestConfigurations(TestRunner.java:637)
at org.testng.TestRunner.beforeRun(TestRunner.java:627)
at org.testng.TestRunner.run(TestRunner.java:589)
at org.testng.SuiteRunner.runTest(SuiteRunner.java:377)
at org.testng.SuiteRunner.runSequentially(SuiteRunner.java:371)
at org.testng.SuiteRunner.privateRun(SuiteRunner.java:332)
at org.testng.SuiteRunner.run(SuiteRunner.java:276)
at org.testng.SuiteRunnerWorker.runSuite(SuiteRunnerWorker.java:53)
at org.testng.SuiteRunnerWorker.run(SuiteRunnerWorker.java:96)
at org.testng.TestNG.runSuitesSequentially(TestNG.java:1212)
at org.testng.TestNG.runSuitesLocally(TestNG.java:1134)
at org.testng.TestNG.runSuites(TestNG.java:1063)
at org.testng.TestNG.run(TestNG.java:1031)
at org.testng.remote.AbstractRemoteTestNG.run(AbstractRemoteTestNG.java:115)
at org.testng.remote.RemoteTestNG.initAndRun(RemoteTestNG.java:251)
at org.testng.remote.RemoteTestNG.main(RemoteTestNG.java:77)
]]>
            </full-stacktrace>
          </exception> <!-- org.testng.TestNGException -->
          <reporter-output>
          </reporter-output>
        </test-method> <!-- driverSetup -->
        <test-method signature="verify_User_Details()[pri:1, instance:testCases.TC_0001_VerifyUserDetail@25641d39]" started-at="2024-02-08T23:36:43 IST" name="verify_User_Details" finished-at="2024-02-08T23:36:43 IST" duration-ms="0" status="SKIP">
          <exception class="org.testng.TestNGException">
            <message>
              <![CDATA[
Parameter 'browser' is required by BeforeTest on method driverSetup but has not been marked @Optional or defined
in C:\Users\2304092\AppData\Local\Temp\7\testng-eclipse--1668360858\testng-customsuite.xml]]>
            </message>
            <full-stacktrace>
              <![CDATA[org.testng.TestNGException: 
Parameter 'browser' is required by BeforeTest on method driverSetup but has not been marked @Optional or defined
in C:\Users\2304092\AppData\Local\Temp\7\testng-eclipse--1668360858\testng-customsuite.xml
at org.testng.internal.Parameters.createParams(Parameters.java:270)
at org.testng.internal.Parameters.createParametersForMethod(Parameters.java:358)
at org.testng.internal.Parameters.createParameters(Parameters.java:700)
at org.testng.internal.Parameters.createConfigurationParameters(Parameters.java:168)
at org.testng.internal.ConfigInvoker.invokeConfigurations(ConfigInvoker.java:302)
at org.testng.TestRunner.invokeTestConfigurations(TestRunner.java:637)
at org.testng.TestRunner.beforeRun(TestRunner.java:627)
at org.testng.TestRunner.run(TestRunner.java:589)
at org.testng.SuiteRunner.runTest(SuiteRunner.java:377)
at org.testng.SuiteRunner.runSequentially(SuiteRunner.java:371)
at org.testng.SuiteRunner.privateRun(SuiteRunner.java:332)
at org.testng.SuiteRunner.run(SuiteRunner.java:276)
at org.testng.SuiteRunnerWorker.runSuite(SuiteRunnerWorker.java:53)
at org.testng.SuiteRunnerWorker.run(SuiteRunnerWorker.java:96)
at org.testng.TestNG.runSuitesSequentially(TestNG.java:1212)
at org.testng.TestNG.runSuitesLocally(TestNG.java:1134)
at org.testng.TestNG.runSuites(TestNG.java:1063)
at org.testng.TestNG.run(TestNG.java:1031)
at org.testng.remote.AbstractRemoteTestNG.run(AbstractRemoteTestNG.java:115)
at org.testng.remote.RemoteTestNG.initAndRun(RemoteTestNG.java:251)
at org.testng.remote.RemoteTestNG.main(RemoteTestNG.java:77)
]]>
            </full-stacktrace>
          </exception> <!-- org.testng.TestNGException -->
          <reporter-output>
          </reporter-output>
        </test-method> <!-- verify_User_Details -->
        <test-method is-config="true" signature="tearDown()[pri:0, instance:testCases.TC_0001_VerifyUserDetail@25641d39]" started-at="2024-02-08T23:36:43 IST" name="tearDown" finished-at="1970-01-01T05:30:00 IST" duration-ms="-1707415603638" status="SKIP">
          <reporter-output>
          </reporter-output>
        </test-method> <!-- tearDown -->
      </class> <!-- testCases.TC_0001_VerifyUserDetail -->
    </test> <!-- Default test -->
  </suite> <!-- Default suite -->
</testng-results>
